<?xml version="1.0" encoding="utf-8"?><testsuites name="pytest tests"><testsuite name="pytest" errors="0" failures="0" skipped="0" tests="9" time="2.967" timestamp="2026-02-25T01:03:41.961348+00:00" hostname="agent-env-c113b471-0d90-4db1-b06d-31ba1f8e8cd6"><testcase classname="tests.test_new_features.TestUserPermissionsBancoDados" name="test_login_returns_banco_dados_permission" time="0.547" /><testcase classname="tests.test_new_features.TestUserPermissionsBancoDados" name="test_create_user_with_banco_dados_permission" time="0.545" /><testcase classname="tests.test_new_features.TestUserPermissionsBancoDados" name="test_update_user_banco_dados_permission" time="0.681" /><testcase classname="tests.test_new_features.TestBancoDadosArtigos" name="test_create_artigo_with_all_fields" time="0.258" /><testcase classname="tests.test_new_features.TestBancoDadosArtigos" name="test_search_artigo_returns_all_fields" time="0.367" /><testcase classname="tests.test_new_features.TestExportReportEndpoints" name="test_espulas_endpoint_returns_data" time="0.116" /><testcase classname="tests.test_new_features.TestExportReportEndpoints" name="test_banco_dados_endpoint_for_export" time="0.121" /><testcase classname="tests.test_new_features.TestInitDataFunction" name="test_admin_user_has_banco_dados_permission" time="0.111" /><testcase classname="tests.test_new_features.TestDefaultUsersPermissions" name="test_get_users_default_users_have_banco_dados_field" time="0.155" /></testsuite></testsuites>