<?xml version="1.0" encoding="utf-8"?><testsuites name="pytest tests"><testsuite name="pytest" errors="0" failures="1" skipped="0" tests="9" time="3.518" timestamp="2026-02-25T01:03:25.193261+00:00" hostname="agent-env-c113b471-0d90-4db1-b06d-31ba1f8e8cd6"><testcase classname="tests.test_new_features.TestUserPermissionsBancoDados" name="test_login_returns_banco_dados_permission" time="0.673" /><testcase classname="tests.test_new_features.TestUserPermissionsBancoDados" name="test_create_user_with_banco_dados_permission" time="0.544" /><testcase classname="tests.test_new_features.TestUserPermissionsBancoDados" name="test_update_user_banco_dados_permission" time="0.675" /><testcase classname="tests.test_new_features.TestBancoDadosArtigos" name="test_create_artigo_with_all_fields" time="0.262" /><testcase classname="tests.test_new_features.TestBancoDadosArtigos" name="test_search_artigo_returns_all_fields" time="0.517" /><testcase classname="tests.test_new_features.TestExportReportEndpoints" name="test_espulas_endpoint_returns_data" time="0.296" /><testcase classname="tests.test_new_features.TestExportReportEndpoints" name="test_banco_dados_endpoint_for_export" time="0.146" /><testcase classname="tests.test_new_features.TestInitDataFunction" name="test_admin_user_has_banco_dados_permission" time="0.129" /><testcase classname="tests.test_new_features.TestDefaultUsersPermissions" name="test_get_users_all_have_banco_dados_field" time="0.141"><failure message="AssertionError: User gustavo should have banco_dados permission field&#10;assert 'banco_dados' in {'administracao': False, 'dashboard': True, 'espulagem': False, 'manutencao': False, ...}">tests/test_new_features.py:254: in test_get_users_all_have_banco_dados_field
    assert "banco_dados" in user["permissions"], f"User {user['username']} should have banco_dados permission field"
E   AssertionError: User gustavo should have banco_dados permission field
E   assert 'banco_dados' in {'administracao': False, 'dashboard': True, 'espulagem': False, 'manutencao': False, ...}</failure></testcase></testsuite></testsuites>