<?xml version="1.0" encoding="utf-8"?><testsuites name="pytest tests"><testsuite name="pytest" errors="0" failures="0" skipped="0" tests="14" time="4.885" timestamp="2026-02-25T00:06:55.034509+00:00" hostname="agent-env-c113b471-0d90-4db1-b06d-31ba1f8e8cd6"><testcase classname="backend.tests.test_banco_dados_and_ordens.TestAuthentication" name="test_login_success" time="0.549" /><testcase classname="backend.tests.test_banco_dados_and_ordens.TestAuthentication" name="test_login_invalid_credentials" time="0.376" /><testcase classname="backend.tests.test_banco_dados_and_ordens.TestBancoDadosArticles" name="test_create_artigo" time="0.507" /><testcase classname="backend.tests.test_banco_dados_and_ordens.TestBancoDadosArticles" name="test_list_artigos" time="0.121" /><testcase classname="backend.tests.test_banco_dados_and_ordens.TestBancoDadosArticles" name="test_search_artigos_autocomplete" time="0.230" /><testcase classname="backend.tests.test_banco_dados_and_ordens.TestBancoDadosArticles" name="test_update_artigo" time="0.358" /><testcase classname="backend.tests.test_banco_dados_and_ordens.TestBancoDadosArticles" name="test_delete_artigo" time="0.462" /><testcase classname="backend.tests.test_banco_dados_and_ordens.TestOrdemProducao" name="test_create_ordem_producao_with_extra_fields" time="0.131" /><testcase classname="backend.tests.test_banco_dados_and_ordens.TestOrdemProducao" name="test_list_ordens_producao" time="0.127" /><testcase classname="backend.tests.test_banco_dados_and_ordens.TestOrdemProducao" name="test_delete_ordem_producao_pendente" time="0.477" /><testcase classname="backend.tests.test_banco_dados_and_ordens.TestMachineQueueOrdering" name="test_get_machine_orders_sorted_newest_first" time="0.240" /><testcase classname="backend.tests.test_banco_dados_and_ordens.TestDeleteOrderFromProducao" name="test_delete_order_from_machine_queue" time="0.371" /><testcase classname="backend.tests.test_banco_dados_and_ordens.TestCleanup" name="test_cleanup_test_artigos" time="0.534" /><testcase classname="backend.tests.test_banco_dados_and_ordens.TestCleanup" name="test_cleanup_test_ordens" time="0.278" /></testsuite></testsuites>